2025-01-08 20:07:51 [Test worker] INFO  o.s.t.c.s.AnnotationConfigContextLoaderUtils - Could not detect default configuration classes for test class [dev.irvanev.gateway.GatewayApplicationTests]: GatewayApplicationTests does not declare any static, non-private, non-final, nested classes annotated with @Configuration.
2025-01-08 20:07:51 [Test worker] INFO  o.s.b.t.c.SpringBootTestContextBootstrapper - Found @SpringBootConfiguration dev.irvanev.gateway.GatewayApplication for test class dev.irvanev.gateway.GatewayApplicationTests
2025-01-08 20:07:52 [Test worker] INFO  d.i.gateway.GatewayApplicationTests - Starting GatewayApplicationTests using Java 21.0.4 with PID 62150 (started by irvanev in /Users/irvanev/development/Adminka/gateway)
2025-01-08 20:07:52 [Test worker] INFO  d.i.gateway.GatewayApplicationTests - No active profile set, falling back to 1 default profile: "default"
2025-01-08 20:07:52 [Test worker] INFO  o.s.d.r.c.RepositoryConfigurationDelegate - Multiple Spring Data modules found, entering strict repository configuration mode
2025-01-08 20:07:52 [Test worker] INFO  o.s.d.r.c.RepositoryConfigurationDelegate - Bootstrapping Spring Data Redis repositories in DEFAULT mode.
2025-01-08 20:07:52 [Test worker] INFO  o.s.d.r.c.RepositoryConfigurationDelegate - Finished Spring Data repository scanning in 5 ms. Found 0 Redis repository interfaces.
2025-01-08 20:07:53 [Test worker] INFO  o.s.b.a.e.web.EndpointLinksResolver - Exposing 3 endpoints beneath base path '/actuator'
2025-01-08 20:07:53 [Test worker] INFO  d.i.gateway.GatewayApplicationTests - Started GatewayApplicationTests in 1.379 seconds (process running for 1.96)
2025-01-08 17:40:46 [main] INFO  d.irvanev.gateway.GatewayApplication - Starting GatewayApplication v1.2 using Java 21 with PID 1 (/app/gateway-service.jar started by root in /app)
2025-01-08 17:40:46 [main] INFO  d.irvanev.gateway.GatewayApplication - No active profile set, falling back to 1 default profile: "default"
2025-01-08 17:40:48 [main] INFO  o.s.d.r.c.RepositoryConfigurationDelegate - Multiple Spring Data modules found, entering strict repository configuration mode
2025-01-08 17:40:48 [main] INFO  o.s.d.r.c.RepositoryConfigurationDelegate - Bootstrapping Spring Data Redis repositories in DEFAULT mode.
2025-01-08 17:40:48 [main] INFO  o.s.d.r.c.RepositoryConfigurationDelegate - Finished Spring Data repository scanning in 16 ms. Found 0 Redis repository interfaces.
2025-01-08 17:40:50 [main] INFO  o.s.b.w.e.tomcat.TomcatWebServer - Tomcat initialized with port 8081 (http)
2025-01-08 17:40:50 [main] INFO  o.a.coyote.http11.Http11NioProtocol - Initializing ProtocolHandler ["http-nio-8081"]
2025-01-08 17:40:50 [main] INFO  o.a.catalina.core.StandardService - Starting service [Tomcat]
2025-01-08 17:40:50 [main] INFO  o.a.catalina.core.StandardEngine - Starting Servlet engine: [Apache Tomcat/10.1.34]
2025-01-08 17:40:50 [main] INFO  o.a.c.c.C.[Tomcat].[localhost].[/] - Initializing Spring embedded WebApplicationContext
2025-01-08 17:40:50 [main] INFO  o.s.b.w.s.c.ServletWebServerApplicationContext - Root WebApplicationContext: initialization completed in 3246 ms
2025-01-08 17:40:52 [main] INFO  o.s.b.a.e.web.EndpointLinksResolver - Exposing 4 endpoints beneath base path '/actuator'
2025-01-08 17:40:52 [main] INFO  o.a.coyote.http11.Http11NioProtocol - Starting ProtocolHandler ["http-nio-8081"]
2025-01-08 17:40:52 [main] INFO  o.s.b.w.e.tomcat.TomcatWebServer - Tomcat started on port 8081 (http) with context path '/'
2025-01-08 17:40:52 [main] INFO  d.irvanev.gateway.GatewayApplication - Started GatewayApplication in 7.569 seconds (process running for 9.969)
2025-01-08 17:41:03 [http-nio-8081-exec-1] INFO  o.a.c.c.C.[Tomcat].[localhost].[/] - Initializing Spring DispatcherServlet 'dispatcherServlet'
2025-01-08 17:41:03 [http-nio-8081-exec-1] INFO  o.s.web.servlet.DispatcherServlet - Initializing Servlet 'dispatcherServlet'
2025-01-08 17:41:03 [http-nio-8081-exec-1] INFO  o.s.web.servlet.DispatcherServlet - Completed initialization in 6 ms
2025-01-08 17:41:03 [http-nio-8081-exec-1] INFO  d.i.g.c.RequestResponseLoggingFilter - Incoming Request: method=GET, URI=/actuator/prometheus
2025-01-08 17:41:03 [http-nio-8081-exec-1] INFO  d.i.g.c.RequestResponseLoggingFilter - Outgoing Response: status=200
2025-01-08 17:41:18 [http-nio-8081-exec-3] INFO  d.i.g.c.RequestResponseLoggingFilter - Incoming Request: method=GET, URI=/actuator/prometheus
2025-01-08 17:41:18 [http-nio-8081-exec-3] INFO  d.i.g.c.RequestResponseLoggingFilter - Outgoing Response: status=200
2025-01-08 17:41:33 [http-nio-8081-exec-4] INFO  d.i.g.c.RequestResponseLoggingFilter - Incoming Request: method=GET, URI=/actuator/prometheus
2025-01-08 17:41:33 [http-nio-8081-exec-4] INFO  d.i.g.c.RequestResponseLoggingFilter - Outgoing Response: status=200
2025-01-08 17:41:48 [http-nio-8081-exec-2] INFO  d.i.g.c.RequestResponseLoggingFilter - Incoming Request: method=GET, URI=/actuator/prometheus
2025-01-08 17:41:48 [http-nio-8081-exec-2] INFO  d.i.g.c.RequestResponseLoggingFilter - Outgoing Response: status=200
2025-01-08 17:42:03 [http-nio-8081-exec-5] INFO  d.i.g.c.RequestResponseLoggingFilter - Incoming Request: method=GET, URI=/actuator/prometheus
2025-01-08 17:42:03 [http-nio-8081-exec-5] INFO  d.i.g.c.RequestResponseLoggingFilter - Outgoing Response: status=200
2025-01-08 17:42:18 [http-nio-8081-exec-6] INFO  d.i.g.c.RequestResponseLoggingFilter - Incoming Request: method=GET, URI=/actuator/prometheus
2025-01-08 17:42:18 [http-nio-8081-exec-6] INFO  d.i.g.c.RequestResponseLoggingFilter - Outgoing Response: status=200
2025-01-08 17:42:33 [http-nio-8081-exec-7] INFO  d.i.g.c.RequestResponseLoggingFilter - Incoming Request: method=GET, URI=/actuator/prometheus
2025-01-08 17:42:33 [http-nio-8081-exec-7] INFO  d.i.g.c.RequestResponseLoggingFilter - Outgoing Response: status=200
2025-01-08 17:42:48 [http-nio-8081-exec-8] INFO  d.i.g.c.RequestResponseLoggingFilter - Incoming Request: method=GET, URI=/actuator/prometheus
2025-01-08 17:42:48 [http-nio-8081-exec-8] INFO  d.i.g.c.RequestResponseLoggingFilter - Outgoing Response: status=200
2025-01-08 17:43:03 [http-nio-8081-exec-9] INFO  d.i.g.c.RequestResponseLoggingFilter - Incoming Request: method=GET, URI=/actuator/prometheus
2025-01-08 17:43:03 [http-nio-8081-exec-9] INFO  d.i.g.c.RequestResponseLoggingFilter - Outgoing Response: status=200
2025-01-08 17:43:08 [http-nio-8081-exec-1] INFO  d.i.g.c.RequestResponseLoggingFilter - Incoming Request: method=POST, URI=/api/students
2025-01-08 17:43:08 [http-nio-8081-exec-1] INFO  d.irvanev.gateway.StudentController - Creating student dev.irvanev.gateway.StudentRequestDto@37cb19d7
2025-01-08 17:43:09 [http-nio-8081-exec-1] INFO  d.i.g.c.RequestResponseLoggingFilter - Outgoing Response: status=200
2025-01-08 17:43:18 [http-nio-8081-exec-3] INFO  d.i.g.c.RequestResponseLoggingFilter - Incoming Request: method=GET, URI=/actuator/prometheus
2025-01-08 17:43:18 [http-nio-8081-exec-3] INFO  d.i.g.c.RequestResponseLoggingFilter - Outgoing Response: status=200
2025-01-08 17:43:33 [http-nio-8081-exec-4] INFO  d.i.g.c.RequestResponseLoggingFilter - Incoming Request: method=GET, URI=/actuator/prometheus
2025-01-08 17:43:33 [http-nio-8081-exec-4] INFO  d.i.g.c.RequestResponseLoggingFilter - Outgoing Response: status=200
2025-01-08 17:43:48 [http-nio-8081-exec-2] INFO  d.i.g.c.RequestResponseLoggingFilter - Incoming Request: method=GET, URI=/actuator/prometheus
2025-01-08 17:43:48 [http-nio-8081-exec-2] INFO  d.i.g.c.RequestResponseLoggingFilter - Outgoing Response: status=200
2025-01-08 17:44:03 [http-nio-8081-exec-5] INFO  d.i.g.c.RequestResponseLoggingFilter - Incoming Request: method=GET, URI=/actuator/prometheus
2025-01-08 17:44:03 [http-nio-8081-exec-5] INFO  d.i.g.c.RequestResponseLoggingFilter - Outgoing Response: status=200
2025-01-08 17:44:18 [http-nio-8081-exec-7] INFO  d.i.g.c.RequestResponseLoggingFilter - Incoming Request: method=GET, URI=/actuator/prometheus
2025-01-08 17:44:18 [http-nio-8081-exec-7] INFO  d.i.g.c.RequestResponseLoggingFilter - Outgoing Response: status=200
2025-01-08 17:44:21 [http-nio-8081-exec-8] INFO  d.i.g.c.RequestResponseLoggingFilter - Incoming Request: method=POST, URI=/api/students
2025-01-08 17:44:21 [http-nio-8081-exec-8] INFO  d.irvanev.gateway.StudentController - Creating student dev.irvanev.gateway.StudentRequestDto@49679fe2
2025-01-08 17:44:21 [http-nio-8081-exec-8] INFO  d.i.g.c.RequestResponseLoggingFilter - Outgoing Response: status=200
2025-01-08 17:44:27 [http-nio-8081-exec-10] INFO  d.i.g.c.RequestResponseLoggingFilter - Incoming Request: method=GET, URI=/api/students
2025-01-08 17:44:27 [http-nio-8081-exec-10] INFO  d.irvanev.gateway.StudentController - Listing students...
2025-01-08 17:44:32 [http-nio-8081-exec-10] INFO  d.i.g.c.RequestResponseLoggingFilter - Outgoing Response: status=200
2025-01-08 17:44:33 [http-nio-8081-exec-1] INFO  d.i.g.c.RequestResponseLoggingFilter - Incoming Request: method=GET, URI=/actuator/prometheus
2025-01-08 17:44:33 [http-nio-8081-exec-1] INFO  d.i.g.c.RequestResponseLoggingFilter - Outgoing Response: status=200
2025-01-08 17:44:48 [http-nio-8081-exec-3] INFO  d.i.g.c.RequestResponseLoggingFilter - Incoming Request: method=GET, URI=/actuator/prometheus
2025-01-08 17:44:48 [http-nio-8081-exec-3] INFO  d.i.g.c.RequestResponseLoggingFilter - Outgoing Response: status=200
2025-01-08 17:44:57 [http-nio-8081-exec-4] INFO  d.i.g.c.RequestResponseLoggingFilter - Incoming Request: method=GET, URI=/api/students
2025-01-08 17:44:57 [http-nio-8081-exec-4] INFO  d.i.g.c.RequestResponseLoggingFilter - Outgoing Response: status=200
2025-01-08 17:45:03 [http-nio-8081-exec-2] INFO  d.i.g.c.RequestResponseLoggingFilter - Incoming Request: method=GET, URI=/actuator/prometheus
2025-01-08 17:45:03 [http-nio-8081-exec-2] INFO  d.i.g.c.RequestResponseLoggingFilter - Outgoing Response: status=200
2025-01-08 17:45:18 [http-nio-8081-exec-5] INFO  d.i.g.c.RequestResponseLoggingFilter - Incoming Request: method=GET, URI=/actuator/prometheus
2025-01-08 17:45:18 [http-nio-8081-exec-5] INFO  d.i.g.c.RequestResponseLoggingFilter - Outgoing Response: status=200
2025-01-08 17:45:33 [http-nio-8081-exec-6] INFO  d.i.g.c.RequestResponseLoggingFilter - Incoming Request: method=GET, URI=/actuator/prometheus
2025-01-08 17:45:33 [http-nio-8081-exec-6] INFO  d.i.g.c.RequestResponseLoggingFilter - Outgoing Response: status=200
2025-01-08 17:45:48 [http-nio-8081-exec-7] INFO  d.i.g.c.RequestResponseLoggingFilter - Incoming Request: method=GET, URI=/actuator/prometheus
2025-01-08 17:45:48 [http-nio-8081-exec-7] INFO  d.i.g.c.RequestResponseLoggingFilter - Outgoing Response: status=200
2025-01-08 17:46:03 [http-nio-8081-exec-8] INFO  d.i.g.c.RequestResponseLoggingFilter - Incoming Request: method=GET, URI=/actuator/prometheus
2025-01-08 17:46:03 [http-nio-8081-exec-8] INFO  d.i.g.c.RequestResponseLoggingFilter - Outgoing Response: status=200
2025-01-08 17:46:18 [http-nio-8081-exec-10] INFO  d.i.g.c.RequestResponseLoggingFilter - Incoming Request: method=GET, URI=/actuator/prometheus
2025-01-08 17:46:18 [http-nio-8081-exec-10] INFO  d.i.g.c.RequestResponseLoggingFilter - Outgoing Response: status=200
2025-01-08 17:46:33 [http-nio-8081-exec-1] INFO  d.i.g.c.RequestResponseLoggingFilter - Incoming Request: method=GET, URI=/actuator/prometheus
2025-01-08 17:46:33 [http-nio-8081-exec-1] INFO  d.i.g.c.RequestResponseLoggingFilter - Outgoing Response: status=200
2025-01-08 17:46:48 [http-nio-8081-exec-3] INFO  d.i.g.c.RequestResponseLoggingFilter - Incoming Request: method=GET, URI=/actuator/prometheus
2025-01-08 17:46:48 [http-nio-8081-exec-3] INFO  d.i.g.c.RequestResponseLoggingFilter - Outgoing Response: status=200
2025-01-08 17:46:54 [http-nio-8081-exec-2] INFO  d.i.g.c.RequestResponseLoggingFilter - Incoming Request: method=GET, URI=/api/students
2025-01-08 17:46:54 [http-nio-8081-exec-2] INFO  d.i.g.c.RequestResponseLoggingFilter - Outgoing Response: status=200
2025-01-08 17:47:03 [http-nio-8081-exec-5] INFO  d.i.g.c.RequestResponseLoggingFilter - Incoming Request: method=GET, URI=/actuator/prometheus
2025-01-08 17:47:03 [http-nio-8081-exec-5] INFO  d.i.g.c.RequestResponseLoggingFilter - Outgoing Response: status=200
2025-01-08 17:47:18 [http-nio-8081-exec-6] INFO  d.i.g.c.RequestResponseLoggingFilter - Incoming Request: method=GET, URI=/actuator/prometheus
2025-01-08 17:47:18 [http-nio-8081-exec-6] INFO  d.i.g.c.RequestResponseLoggingFilter - Outgoing Response: status=200
2025-01-08 17:47:33 [http-nio-8081-exec-7] INFO  d.i.g.c.RequestResponseLoggingFilter - Incoming Request: method=GET, URI=/actuator/prometheus
2025-01-08 17:47:33 [http-nio-8081-exec-7] INFO  d.i.g.c.RequestResponseLoggingFilter - Outgoing Response: status=200
2025-01-08 17:47:48 [http-nio-8081-exec-9] INFO  d.i.g.c.RequestResponseLoggingFilter - Incoming Request: method=GET, URI=/actuator/prometheus
2025-01-08 17:47:48 [http-nio-8081-exec-9] INFO  d.i.g.c.RequestResponseLoggingFilter - Outgoing Response: status=200
2025-01-08 17:48:03 [http-nio-8081-exec-10] INFO  d.i.g.c.RequestResponseLoggingFilter - Incoming Request: method=GET, URI=/actuator/prometheus
2025-01-08 17:48:03 [http-nio-8081-exec-10] INFO  d.i.g.c.RequestResponseLoggingFilter - Outgoing Response: status=200
2025-01-08 17:48:18 [http-nio-8081-exec-1] INFO  d.i.g.c.RequestResponseLoggingFilter - Incoming Request: method=GET, URI=/actuator/prometheus
2025-01-08 17:48:18 [http-nio-8081-exec-1] INFO  d.i.g.c.RequestResponseLoggingFilter - Outgoing Response: status=200
2025-01-08 17:48:33 [http-nio-8081-exec-3] INFO  d.i.g.c.RequestResponseLoggingFilter - Incoming Request: method=GET, URI=/actuator/prometheus
2025-01-08 17:48:33 [http-nio-8081-exec-3] INFO  d.i.g.c.RequestResponseLoggingFilter - Outgoing Response: status=200
2025-01-08 17:48:48 [http-nio-8081-exec-4] INFO  d.i.g.c.RequestResponseLoggingFilter - Incoming Request: method=GET, URI=/actuator/prometheus
2025-01-08 17:48:48 [http-nio-8081-exec-4] INFO  d.i.g.c.RequestResponseLoggingFilter - Outgoing Response: status=200
2025-01-08 17:49:03 [http-nio-8081-exec-2] INFO  d.i.g.c.RequestResponseLoggingFilter - Incoming Request: method=GET, URI=/actuator/prometheus
2025-01-08 17:49:03 [http-nio-8081-exec-2] INFO  d.i.g.c.RequestResponseLoggingFilter - Outgoing Response: status=200
2025-01-08 17:49:18 [http-nio-8081-exec-5] INFO  d.i.g.c.RequestResponseLoggingFilter - Incoming Request: method=GET, URI=/actuator/prometheus
2025-01-08 17:49:18 [http-nio-8081-exec-5] INFO  d.i.g.c.RequestResponseLoggingFilter - Outgoing Response: status=200
2025-01-08 17:49:33 [http-nio-8081-exec-6] INFO  d.i.g.c.RequestResponseLoggingFilter - Incoming Request: method=GET, URI=/actuator/prometheus
2025-01-08 17:49:33 [http-nio-8081-exec-6] INFO  d.i.g.c.RequestResponseLoggingFilter - Outgoing Response: status=200
2025-01-08 17:49:48 [http-nio-8081-exec-7] INFO  d.i.g.c.RequestResponseLoggingFilter - Incoming Request: method=GET, URI=/actuator/prometheus
2025-01-08 17:49:48 [http-nio-8081-exec-7] INFO  d.i.g.c.RequestResponseLoggingFilter - Outgoing Response: status=200
2025-01-08 17:50:03 [http-nio-8081-exec-9] INFO  d.i.g.c.RequestResponseLoggingFilter - Incoming Request: method=GET, URI=/actuator/prometheus
2025-01-08 17:50:03 [http-nio-8081-exec-9] INFO  d.i.g.c.RequestResponseLoggingFilter - Outgoing Response: status=200
2025-01-08 17:50:15 [SpringApplicationShutdownHook] INFO  o.s.b.w.e.tomcat.GracefulShutdown - Commencing graceful shutdown. Waiting for active requests to complete
2025-01-08 17:50:15 [tomcat-shutdown] INFO  o.s.b.w.e.tomcat.GracefulShutdown - Graceful shutdown complete
2025-01-08 17:50:51 [main] INFO  d.irvanev.gateway.GatewayApplication - Starting GatewayApplication v1.2 using Java 21 with PID 1 (/app/gateway-service.jar started by root in /app)
2025-01-08 17:50:51 [main] INFO  d.irvanev.gateway.GatewayApplication - No active profile set, falling back to 1 default profile: "default"
2025-01-08 17:50:54 [main] INFO  o.s.d.r.c.RepositoryConfigurationDelegate - Multiple Spring Data modules found, entering strict repository configuration mode
2025-01-08 17:50:54 [main] INFO  o.s.d.r.c.RepositoryConfigurationDelegate - Bootstrapping Spring Data Redis repositories in DEFAULT mode.
2025-01-08 17:50:54 [main] INFO  o.s.d.r.c.RepositoryConfigurationDelegate - Finished Spring Data repository scanning in 25 ms. Found 0 Redis repository interfaces.
2025-01-08 17:50:55 [main] INFO  o.s.b.w.e.tomcat.TomcatWebServer - Tomcat initialized with port 8081 (http)
2025-01-08 17:50:55 [main] INFO  o.a.coyote.http11.Http11NioProtocol - Initializing ProtocolHandler ["http-nio-8081"]
2025-01-08 17:50:55 [main] INFO  o.a.catalina.core.StandardService - Starting service [Tomcat]
2025-01-08 17:50:55 [main] INFO  o.a.catalina.core.StandardEngine - Starting Servlet engine: [Apache Tomcat/10.1.34]
2025-01-08 17:50:55 [main] INFO  o.a.c.c.C.[Tomcat].[localhost].[/] - Initializing Spring embedded WebApplicationContext
2025-01-08 17:50:55 [main] INFO  o.s.b.w.s.c.ServletWebServerApplicationContext - Root WebApplicationContext: initialization completed in 3487 ms
2025-01-08 17:50:57 [main] INFO  o.s.b.a.e.web.EndpointLinksResolver - Exposing 4 endpoints beneath base path '/actuator'
2025-01-08 17:50:57 [main] INFO  o.a.coyote.http11.Http11NioProtocol - Starting ProtocolHandler ["http-nio-8081"]
2025-01-08 17:50:58 [main] INFO  o.s.b.w.e.tomcat.TomcatWebServer - Tomcat started on port 8081 (http) with context path '/'
2025-01-08 17:50:58 [main] INFO  d.irvanev.gateway.GatewayApplication - Started GatewayApplication in 7.345 seconds (process running for 9.52)
2025-01-08 17:51:09 [http-nio-8081-exec-1] INFO  o.a.c.c.C.[Tomcat].[localhost].[/] - Initializing Spring DispatcherServlet 'dispatcherServlet'
2025-01-08 17:51:09 [http-nio-8081-exec-1] INFO  o.s.web.servlet.DispatcherServlet - Initializing Servlet 'dispatcherServlet'
2025-01-08 17:51:09 [http-nio-8081-exec-1] INFO  o.s.web.servlet.DispatcherServlet - Completed initialization in 3 ms
2025-01-08 17:51:09 [http-nio-8081-exec-1] INFO  d.i.g.c.RequestResponseLoggingFilter - Incoming Request: method=GET, URI=/actuator/prometheus
2025-01-08 17:51:09 [http-nio-8081-exec-1] INFO  d.i.g.c.RequestResponseLoggingFilter - Outgoing Response: status=200
2025-01-08 17:51:24 [http-nio-8081-exec-2] INFO  d.i.g.c.RequestResponseLoggingFilter - Incoming Request: method=GET, URI=/actuator/prometheus
2025-01-08 17:51:24 [http-nio-8081-exec-2] INFO  d.i.g.c.RequestResponseLoggingFilter - Outgoing Response: status=200
2025-01-08 17:51:39 [http-nio-8081-exec-3] INFO  d.i.g.c.RequestResponseLoggingFilter - Incoming Request: method=GET, URI=/actuator/prometheus
2025-01-08 17:51:39 [http-nio-8081-exec-3] INFO  d.i.g.c.RequestResponseLoggingFilter - Outgoing Response: status=200
2025-01-08 17:51:54 [http-nio-8081-exec-5] INFO  d.i.g.c.RequestResponseLoggingFilter - Incoming Request: method=GET, URI=/actuator/prometheus
2025-01-08 17:51:54 [http-nio-8081-exec-5] INFO  d.i.g.c.RequestResponseLoggingFilter - Outgoing Response: status=200
2025-01-08 17:52:09 [http-nio-8081-exec-4] INFO  d.i.g.c.RequestResponseLoggingFilter - Incoming Request: method=GET, URI=/actuator/prometheus
2025-01-08 17:52:09 [http-nio-8081-exec-4] INFO  d.i.g.c.RequestResponseLoggingFilter - Outgoing Response: status=200
2025-01-08 17:52:24 [http-nio-8081-exec-6] INFO  d.i.g.c.RequestResponseLoggingFilter - Incoming Request: method=GET, URI=/actuator/prometheus
2025-01-08 17:52:24 [http-nio-8081-exec-6] INFO  d.i.g.c.RequestResponseLoggingFilter - Outgoing Response: status=200
2025-01-08 17:52:31 [http-nio-8081-exec-8] INFO  d.i.g.c.RequestResponseLoggingFilter - Incoming Request: method=POST, URI=/api/students
2025-01-08 17:52:31 [http-nio-8081-exec-8] INFO  d.irvanev.gateway.StudentController - Creating student StudentRequestDto{firstName='vitaly', lastName='irvanev', age=21, major='student'}
2025-01-08 17:52:32 [http-nio-8081-exec-8] INFO  d.i.g.c.RequestResponseLoggingFilter - Outgoing Response: status=200
2025-01-08 17:52:33 [http-nio-8081-exec-9] INFO  d.i.g.c.RequestResponseLoggingFilter - Incoming Request: method=POST, URI=/api/students
2025-01-08 17:52:33 [http-nio-8081-exec-9] INFO  d.irvanev.gateway.StudentController - Creating student StudentRequestDto{firstName='vitaly', lastName='irvanev', age=21, major='student'}
2025-01-08 17:52:33 [http-nio-8081-exec-9] INFO  d.i.g.c.RequestResponseLoggingFilter - Outgoing Response: status=200
2025-01-08 17:52:33 [http-nio-8081-exec-10] INFO  d.i.g.c.RequestResponseLoggingFilter - Incoming Request: method=POST, URI=/api/students
2025-01-08 17:52:33 [http-nio-8081-exec-10] INFO  d.irvanev.gateway.StudentController - Creating student StudentRequestDto{firstName='vitaly', lastName='irvanev', age=21, major='student'}
2025-01-08 17:52:33 [http-nio-8081-exec-10] INFO  d.i.g.c.RequestResponseLoggingFilter - Outgoing Response: status=200
2025-01-08 17:52:34 [http-nio-8081-exec-1] INFO  d.i.g.c.RequestResponseLoggingFilter - Incoming Request: method=POST, URI=/api/students
2025-01-08 17:52:34 [http-nio-8081-exec-1] INFO  d.irvanev.gateway.StudentController - Creating student StudentRequestDto{firstName='vitaly', lastName='irvanev', age=21, major='student'}
2025-01-08 17:52:34 [http-nio-8081-exec-1] INFO  d.i.g.c.RequestResponseLoggingFilter - Outgoing Response: status=200
2025-01-08 17:52:34 [http-nio-8081-exec-2] INFO  d.i.g.c.RequestResponseLoggingFilter - Incoming Request: method=POST, URI=/api/students
2025-01-08 17:52:34 [http-nio-8081-exec-2] INFO  d.irvanev.gateway.StudentController - Creating student StudentRequestDto{firstName='vitaly', lastName='irvanev', age=21, major='student'}
2025-01-08 17:52:34 [http-nio-8081-exec-2] INFO  d.i.g.c.RequestResponseLoggingFilter - Outgoing Response: status=200
2025-01-08 17:52:35 [http-nio-8081-exec-3] INFO  d.i.g.c.RequestResponseLoggingFilter - Incoming Request: method=POST, URI=/api/students
2025-01-08 17:52:35 [http-nio-8081-exec-3] INFO  d.irvanev.gateway.StudentController - Creating student StudentRequestDto{firstName='vitaly', lastName='irvanev', age=21, major='student'}
2025-01-08 17:52:35 [http-nio-8081-exec-3] INFO  d.i.g.c.RequestResponseLoggingFilter - Outgoing Response: status=200
2025-01-08 17:52:38 [http-nio-8081-exec-5] INFO  d.i.g.c.RequestResponseLoggingFilter - Incoming Request: method=GET, URI=/api/students
2025-01-08 17:52:38 [http-nio-8081-exec-5] INFO  d.irvanev.gateway.StudentController - Listing students...
2025-01-08 17:52:39 [http-nio-8081-exec-4] INFO  d.i.g.c.RequestResponseLoggingFilter - Incoming Request: method=GET, URI=/actuator/prometheus
2025-01-08 17:52:39 [http-nio-8081-exec-4] INFO  d.i.g.c.RequestResponseLoggingFilter - Outgoing Response: status=200
2025-01-08 17:52:43 [http-nio-8081-exec-5] INFO  d.i.g.c.RequestResponseLoggingFilter - Outgoing Response: status=200
2025-01-08 17:52:54 [http-nio-8081-exec-6] INFO  d.i.g.c.RequestResponseLoggingFilter - Incoming Request: method=GET, URI=/actuator/prometheus
2025-01-08 17:52:54 [http-nio-8081-exec-6] INFO  d.i.g.c.RequestResponseLoggingFilter - Outgoing Response: status=200
2025-01-08 17:53:09 [http-nio-8081-exec-7] INFO  d.i.g.c.RequestResponseLoggingFilter - Incoming Request: method=GET, URI=/actuator/prometheus
2025-01-08 17:53:09 [http-nio-8081-exec-7] INFO  d.i.g.c.RequestResponseLoggingFilter - Outgoing Response: status=200
2025-01-08 17:53:20 [http-nio-8081-exec-8] INFO  d.i.g.c.RequestResponseLoggingFilter - Incoming Request: method=GET, URI=/api/students
2025-01-08 17:53:20 [http-nio-8081-exec-8] INFO  d.i.g.c.RequestResponseLoggingFilter - Outgoing Response: status=200
2025-01-08 17:53:24 [http-nio-8081-exec-9] INFO  d.i.g.c.RequestResponseLoggingFilter - Incoming Request: method=GET, URI=/actuator/prometheus
2025-01-08 17:53:24 [http-nio-8081-exec-9] INFO  d.i.g.c.RequestResponseLoggingFilter - Outgoing Response: status=200
2025-01-08 17:53:27 [http-nio-8081-exec-10] INFO  d.i.g.c.RequestResponseLoggingFilter - Incoming Request: method=DELETE, URI=/api/students/677ebafbd982e3bccefc0421
2025-01-08 17:53:27 [http-nio-8081-exec-10] INFO  d.irvanev.gateway.StudentController - Deleting student 677ebafbd982e3bccefc0421
2025-01-08 17:53:27 [http-nio-8081-exec-10] INFO  d.i.g.c.RequestResponseLoggingFilter - Outgoing Response: status=200
2025-01-08 17:53:29 [http-nio-8081-exec-1] INFO  d.i.g.c.RequestResponseLoggingFilter - Incoming Request: method=GET, URI=/api/students
2025-01-08 17:53:29 [http-nio-8081-exec-1] INFO  d.irvanev.gateway.StudentController - Listing students...
2025-01-08 17:53:34 [http-nio-8081-exec-1] INFO  d.i.g.c.RequestResponseLoggingFilter - Outgoing Response: status=200
2025-01-08 17:53:39 [http-nio-8081-exec-2] INFO  d.i.g.c.RequestResponseLoggingFilter - Incoming Request: method=GET, URI=/actuator/prometheus
2025-01-08 17:53:39 [http-nio-8081-exec-2] INFO  d.i.g.c.RequestResponseLoggingFilter - Outgoing Response: status=200
2025-01-08 17:53:43 [http-nio-8081-exec-3] INFO  d.i.g.c.RequestResponseLoggingFilter - Incoming Request: method=PUT, URI=/api/students/677ebb6023bb641e14a7063f
2025-01-08 17:53:43 [http-nio-8081-exec-3] INFO  d.irvanev.gateway.StudentController - Updating student 677ebb6023bb641e14a7063f
2025-01-08 17:53:43 [http-nio-8081-exec-3] INFO  d.i.g.c.RequestResponseLoggingFilter - Outgoing Response: status=200
2025-01-08 17:53:46 [http-nio-8081-exec-4] INFO  d.i.g.c.RequestResponseLoggingFilter - Incoming Request: method=GET, URI=/api/students
2025-01-08 17:53:46 [http-nio-8081-exec-4] INFO  d.i.g.c.RequestResponseLoggingFilter - Outgoing Response: status=200
2025-01-08 17:53:54 [http-nio-8081-exec-5] INFO  d.i.g.c.RequestResponseLoggingFilter - Incoming Request: method=GET, URI=/actuator/prometheus
2025-01-08 17:53:54 [http-nio-8081-exec-5] INFO  d.i.g.c.RequestResponseLoggingFilter - Outgoing Response: status=200
2025-01-08 17:54:09 [http-nio-8081-exec-6] INFO  d.i.g.c.RequestResponseLoggingFilter - Incoming Request: method=GET, URI=/actuator/prometheus
2025-01-08 17:54:09 [http-nio-8081-exec-6] INFO  d.i.g.c.RequestResponseLoggingFilter - Outgoing Response: status=200
2025-01-08 17:54:24 [http-nio-8081-exec-7] INFO  d.i.g.c.RequestResponseLoggingFilter - Incoming Request: method=GET, URI=/actuator/prometheus
2025-01-08 17:54:24 [http-nio-8081-exec-7] INFO  d.i.g.c.RequestResponseLoggingFilter - Outgoing Response: status=200
2025-01-08 17:54:39 [http-nio-8081-exec-8] INFO  d.i.g.c.RequestResponseLoggingFilter - Incoming Request: method=GET, URI=/actuator/prometheus
2025-01-08 17:54:39 [http-nio-8081-exec-8] INFO  d.i.g.c.RequestResponseLoggingFilter - Outgoing Response: status=200
2025-01-08 17:54:54 [http-nio-8081-exec-10] INFO  d.i.g.c.RequestResponseLoggingFilter - Incoming Request: method=GET, URI=/actuator/prometheus
2025-01-08 17:54:54 [http-nio-8081-exec-10] INFO  d.i.g.c.RequestResponseLoggingFilter - Outgoing Response: status=200
